<?xml version="1.0" encoding="UTF-8"?>
<!-- Generated by org.testng.reporters.JUnitXMLReporter -->
<testsuite ignored="0" hostname="LAPTOP-RE35JDP4" failures="0" tests="4" name="Test" time="94.763" errors="0" timestamp="2024-02-29T21:25:08 IST">
  <testcase classname="Axis.OrangeHRM.Login" name="Log" time="22.112"/>
  <testcase classname="Axis.OrangeHRM.Login" name="Log" time="21.465"/>
  <testcase classname="Axis.OrangeHRM.Login" name="Log" time="22.11"/>
  <testcase classname="Axis.OrangeHRM.Login" name="Log" time="21.718"/>
</testsuite> <!-- Test -->
