<?xml version="1.0" encoding="UTF-8"?>
<!-- Generated by org.testng.reporters.JUnitXMLReporter -->
<testsuite ignored="0" hostname="LAPTOP-RE35JDP4" failures="0" tests="4" name="Test" time="94.026" errors="0" timestamp="2024-02-29T21:27:52 IST">
  <testcase classname="Axis.OrangeHRM.Login" name="Log" time="22.603"/>
  <testcase classname="Axis.OrangeHRM.Login" name="Log" time="21.014"/>
  <testcase classname="Axis.OrangeHRM.Login" name="Log" time="21.526"/>
  <testcase classname="Axis.OrangeHRM.Login" name="Log" time="21.617"/>
</testsuite> <!-- Test -->
