<?xml version="1.0" encoding="UTF-8"?>
<testng-results ignored="0" total="4" passed="4" failed="0" skipped="0">
  <reporter-output>
  </reporter-output>
  <suite started-at="2024-02-29T21:26:18 IST" name="Suite" finished-at="2024-02-29T21:27:52 IST" duration-ms="94026">
    <groups>
    </groups>
    <test started-at="2024-02-29T21:26:18 IST" name="Test" finished-at="2024-02-29T21:27:52 IST" duration-ms="94026">
      <class name="Axis.OrangeHRM.Immigration">
        <test-method signature="Log()[pri:0, instance:Axis.OrangeHRM.Immigration@d4342c2]" started-at="2024-02-29T21:26:41 IST" name="Log" finished-at="2024-02-29T21:27:02 IST" duration-ms="21014" status="PASS">
          <reporter-output>
          </reporter-output>
        </test-method> <!-- Log -->
        <test-method is-config="true" signature="immigrationTest()[pri:0, instance:Axis.OrangeHRM.Immigration@d4342c2]" started-at="2024-02-29T21:27:02 IST" name="immigrationTest" finished-at="2024-02-29T21:27:06 IST" duration-ms="3672" status="PASS">
          <reporter-output>
          </reporter-output>
        </test-method> <!-- immigrationTest -->
      </class> <!-- Axis.OrangeHRM.Immigration -->
      <class name="Axis.OrangeHRM.Login">
        <test-method signature="Log()[pri:0, instance:Axis.OrangeHRM.Login@4445629]" started-at="2024-02-29T21:26:18 IST" name="Log" finished-at="2024-02-29T21:26:41 IST" duration-ms="22603" status="PASS">
          <reporter-output>
          </reporter-output>
        </test-method> <!-- Log -->
      </class> <!-- Axis.OrangeHRM.Login -->
      <class name="Axis.OrangeHRM.ImmiAddAttachment">
        <test-method signature="Log()[pri:0, instance:Axis.OrangeHRM.ImmiAddAttachment@20d28811]" started-at="2024-02-29T21:27:06 IST" name="Log" finished-at="2024-02-29T21:27:27 IST" duration-ms="21526" status="PASS">
          <reporter-output>
          </reporter-output>
        </test-method> <!-- Log -->
        <test-method is-config="true" signature="AddAttach()[pri:0, instance:Axis.OrangeHRM.ImmiAddAttachment@20d28811]" started-at="2024-02-29T21:27:27 IST" name="AddAttach" finished-at="2024-02-29T21:27:29 IST" duration-ms="2205" status="PASS">
          <reporter-output>
          </reporter-output>
        </test-method> <!-- AddAttach -->
      </class> <!-- Axis.OrangeHRM.ImmiAddAttachment -->
      <class name="Axis.OrangeHRM.Job">
        <test-method signature="Log()[pri:0, instance:Axis.OrangeHRM.Job@3967e60c]" started-at="2024-02-29T21:27:29 IST" name="Log" finished-at="2024-02-29T21:27:51 IST" duration-ms="21617" status="PASS">
          <reporter-output>
          </reporter-output>
        </test-method> <!-- Log -->
        <test-method is-config="true" signature="jobs()[pri:0, instance:Axis.OrangeHRM.Job@3967e60c]" started-at="2024-02-29T21:27:51 IST" name="jobs" finished-at="2024-02-29T21:27:52 IST" duration-ms="1333" status="PASS">
          <reporter-output>
          </reporter-output>
        </test-method> <!-- jobs -->
      </class> <!-- Axis.OrangeHRM.Job -->
    </test> <!-- Test -->
  </suite> <!-- Suite -->
</testng-results>
