<?xml version="1.0" encoding="UTF-8"?>
<testng-results ignored="0" total="4" passed="4" failed="0" skipped="0">
  <reporter-output>
  </reporter-output>
  <suite started-at="2024-02-29T21:23:33 IST" name="Suite" finished-at="2024-02-29T21:25:08 IST" duration-ms="94763">
    <groups>
    </groups>
    <test started-at="2024-02-29T21:23:33 IST" name="Test" finished-at="2024-02-29T21:25:08 IST" duration-ms="94763">
      <class name="Axis.OrangeHRM.Immigration">
        <test-method signature="Log()[pri:0, instance:Axis.OrangeHRM.Immigration@59662a0b]" started-at="2024-02-29T21:23:55 IST" name="Log" finished-at="2024-02-29T21:24:17 IST" duration-ms="21465" status="PASS">
          <reporter-output>
          </reporter-output>
        </test-method> <!-- Log -->
        <test-method is-config="true" signature="immigrationTest()[pri:0, instance:Axis.OrangeHRM.Immigration@59662a0b]" started-at="2024-02-29T21:24:17 IST" name="immigrationTest" finished-at="2024-02-29T21:24:20 IST" duration-ms="3680" status="PASS">
          <reporter-output>
          </reporter-output>
        </test-method> <!-- immigrationTest -->
      </class> <!-- Axis.OrangeHRM.Immigration -->
      <class name="Axis.OrangeHRM.Login">
        <test-method signature="Log()[pri:0, instance:Axis.OrangeHRM.Login@2b662a77]" started-at="2024-02-29T21:23:33 IST" name="Log" finished-at="2024-02-29T21:23:55 IST" duration-ms="22112" status="PASS">
          <reporter-output>
          </reporter-output>
        </test-method> <!-- Log -->
      </class> <!-- Axis.OrangeHRM.Login -->
      <class name="Axis.OrangeHRM.ImmiAddAttachment">
        <test-method signature="Log()[pri:0, instance:Axis.OrangeHRM.ImmiAddAttachment@692f203f]" started-at="2024-02-29T21:24:20 IST" name="Log" finished-at="2024-02-29T21:24:42 IST" duration-ms="22110" status="PASS">
          <reporter-output>
          </reporter-output>
        </test-method> <!-- Log -->
        <test-method is-config="true" signature="AddAttach()[pri:0, instance:Axis.OrangeHRM.ImmiAddAttachment@692f203f]" started-at="2024-02-29T21:24:42 IST" name="AddAttach" finished-at="2024-02-29T21:24:44 IST" duration-ms="2091" status="PASS">
          <reporter-output>
          </reporter-output>
        </test-method> <!-- AddAttach -->
      </class> <!-- Axis.OrangeHRM.ImmiAddAttachment -->
      <class name="Axis.OrangeHRM.Job">
        <test-method signature="Log()[pri:0, instance:Axis.OrangeHRM.Job@48f2bd5b]" started-at="2024-02-29T21:24:44 IST" name="Log" finished-at="2024-02-29T21:25:06 IST" duration-ms="21718" status="PASS">
          <reporter-output>
          </reporter-output>
        </test-method> <!-- Log -->
        <test-method is-config="true" signature="jobs()[pri:0, instance:Axis.OrangeHRM.Job@48f2bd5b]" started-at="2024-02-29T21:25:06 IST" name="jobs" finished-at="2024-02-29T21:25:08 IST" duration-ms="1500" status="PASS">
          <reporter-output>
          </reporter-output>
        </test-method> <!-- jobs -->
      </class> <!-- Axis.OrangeHRM.Job -->
    </test> <!-- Test -->
  </suite> <!-- Suite -->
</testng-results>
